2021-06-30 15:37:49 INFO  MongoDB is connected 
2021-06-30 15:37:49 INFO  Application started on port 3001 
2021-06-30 15:41:28 INFO  MongoDB is connected 
2021-06-30 15:41:28 INFO  Application started on port 3001 
2021-06-30 15:42:04 INFO  {
  "method": "POST",
  "url": "/login",
  "query": {},
  "body": {
    "email": "tgm@gmail.com",
    "password": "tgm@gmail.com"
  },
  "cookies": {}
} 
2021-06-30 15:42:55 INFO  {
  "method": "POST",
  "url": "/register",
  "query": {},
  "body": {
    "email": "tgm@gmail.com",
    "password": "tgm@gmail.com"
  },
  "cookies": {}
} 
2021-06-30 15:42:59 INFO  {
  "method": "POST",
  "url": "/register",
  "query": {},
  "body": {
    "email": "tgm@gmail.com",
    "password": "tgm@gmail.com"
  },
  "cookies": {}
} 
2021-06-30 15:43:02 INFO  {
  "method": "POST",
  "url": "/register",
  "query": {},
  "body": {
    "email": "tgm@gmail.com",
    "password": "tgm@gmail.com"
  },
  "cookies": {}
} 
2021-06-30 15:43:02 INFO  {
  "method": "POST",
  "url": "/register",
  "query": {},
  "body": {
    "email": "tgm@gmail.com",
    "password": "tgm@gmail.com"
  },
  "cookies": {}
} 
